{
  "RSpec": {
    "coverage": {
      "/Users/odds/Desktop/Wanus/Academy_Quest/my_brag_quest/my_brag_quest/app/helpers/application_helper.rb": {
        "lines": [
          1,
          null
        ],
        "branches": {}
      },
      "/Users/odds/Desktop/Wanus/Academy_Quest/my_brag_quest/my_brag_quest/app/helpers/brag_helper.rb": {
        "lines": [
          1,
          null
        ],
        "branches": {}
      },
      "/Users/odds/Desktop/Wanus/Academy_Quest/my_brag_quest/my_brag_quest/app/helpers/quests_helper.rb": {
        "lines": [
          1,
          null
        ],
        "branches": {}
      },
      "/Users/odds/Desktop/Wanus/Academy_Quest/my_brag_quest/my_brag_quest/app/controllers/quests_controller.rb": {
        "lines": [
          1,
          1,
          null,
          null,
          1,
          0,
          null,
          null,
          null,
          1,
          null,
          null,
          null,
          1,
          0,
          null,
          null,
          null,
          1,
          null,
          null,
          null,
          1,
          0,
          null,
          0,
          0,
          0,
          0,
          null,
          null,
          null,
          null,
          0,
          null,
          0,
          0,
          null,
          0,
          null,
          null,
          null,
          null,
          null,
          null,
          1,
          null,
          null,
          null,
          null,
          null,
          null,
          null,
          null,
          null,
          null,
          null,
          null,
          1,
          0,
          null,
          0,
          0,
          0,
          null,
          null,
          null,
          1,
          0,
          0,
          null,
          0,
          0,
          0,
          null,
          0,
          null,
          null,
          null,
          1,
          null,
          1,
          0,
          null,
          null,
          null,
          1,
          0,
          null,
          null
        ],
        "branches": {
          "[:if, 0, 27, 6, 41, 9]": {
            "[:then, 1, 28, 8, 34, 90]": 0,
            "[:else, 2, 36, 8, 39, 66]": 0
          }
        }
      },
      "/Users/odds/Desktop/Wanus/Academy_Quest/my_brag_quest/my_brag_quest/app/controllers/application_controller.rb": {
        "lines": [
          1,
          null,
          1,
          null
        ],
        "branches": {}
      },
      "/Users/odds/Desktop/Wanus/Academy_Quest/my_brag_quest/my_brag_quest/app/models/quest.rb": {
        "lines": [
          1,
          1,
          null
        ],
        "branches": {}
      },
      "/Users/odds/Desktop/Wanus/Academy_Quest/my_brag_quest/my_brag_quest/app/models/application_record.rb": {
        "lines": [
          1,
          1,
          null
        ],
        "branches": {}
      },
      "/Users/odds/Desktop/Wanus/Academy_Quest/my_brag_quest/my_brag_quest/app/controllers/brag_controller.rb": {
        "lines": [
          0,
          0,
          0,
          0
        ],
        "branches": {}
      }
    },
    "timestamp": 1750311214
  }
}
